#
# A fatal error has been detected by the Java Runtime Environment:
#
#  SIGSEGV (0xb) at pc=0x00007fff850d74dd, pid=17129, tid=0x000000000000220b
#
# JRE version: Java(TM) SE Runtime Environment (8.0_102-b14) (build 1.8.0_102-b14)
# Java VM: Java HotSpot(TM) 64-Bit Server VM (25.102-b14 mixed mode bsd-amd64 compressed oops)
# Problematic frame:
# C  [libobjc.A.dylib+0x14dd]  objc_msgSend+0x1d
#
# Core dump written. Default location: /cores/core or core.17129 (max size 100 kB). To ensure a full core dump, try "ulimit -c unlimited" before starting Java again
#
# If you would like to submit a bug report, please visit:
#   http://bugreport.java.com/bugreport/crash.jsp
#

---------------  T H R E A D  ---------------

Current thread is native thread

siginfo: si_signo: 11 (SIGSEGV), si_code: 1 (SEGV_MAPERR), si_addr: 0x000007f8f1ac4bf8

Registers:
RAX=0x0000000000000028, RBX=0x00007f8f1ac4ae00, RCX=0x00007fff746aece0, RDX=0x00007f8f1ad2a548
RSP=0x00007fff50ce1938, RBP=0x00007fff50ce1960, RSI=0x00007fff87ff99e2, RDI=0x00007f8f1ac4b510
R8 =0x000000000000000f, R9 =0x00007f8f1ac4ae00, R10=0x00007fff87ff99e2, R11=0x000007f8f1ac4be0
R12=0x00007f8f1ac4ae00, R13=0xffff8070e53b5200, R14=0x00007fff850d74c0, R15=0x00007fff73592880
RIP=0x00007fff850d74dd, EFLAGS=0x0000000000010202, ERR=0x0000000000000004
  TRAPNO=0x000000000000000e

Top of Stack: (sp=0x00007fff50ce1938)
0x00007fff50ce1938:   00007fff8f77c582 0000000000000001
0x00007fff50ce1948:   00007f8f1ac47030 0000000000000001
0x00007fff50ce1958:   00007fff73590d00 00007fff50ce19d0
0x00007fff50ce1968:   00007fff850de288 0000000000001002
0x00007fff50ce1978:   00007fff73592890 000000011ac4ecb0
0x00007fff50ce1988:   ffff8070e53b5200 ffff8070e53b5200
0x00007fff50ce1998:   00007f8f1ac470a0 00007f8f1ac470a0
0x00007fff50ce19a8:   00007f8f1b009010 a3a3a3a3a3a3a3a3
0x00007fff50ce19b8:   1f005be2cdbc1f65 00007f8f1b009038
0x00007fff50ce19c8:   00007f8f1b009000 00007fff50ce1e20
0x00007fff50ce19d8:   00007fff850dcb3b 00007fff50ce1a10
0x00007fff50ce19e8:   00007fff8e2259a6 0000000000000090
0x00007fff50ce19f8:   0000000000000008 0000000000000001
0x00007fff50ce1a08:   00007f8f1ac4f090 00007fff50ce1a30
0x00007fff50ce1a18:   00007fff8e226462 0000000000000008
0x00007fff50ce1a28:   0000000000000090 00007fff50ce1a50
0x00007fff50ce1a38:   00007fff92bf41ab 0000000000138801
0x00007fff50ce1a48:   00007fff734d42c0 0000000000138800
0x00007fff50ce1a58:   00000000850ddc91 00007fff734d42dc
0x00007fff50ce1a68:   00007fff7577b150 00007fff734d42e0
0x00007fff50ce1a78:   0000000000000001 00007fff734d42dc
0x00007fff50ce1a88:   00007fff734d42e0 00007fff734d42d8
0x00007fff50ce1a98:   00007fff734d40f0 00007fff87ff99d1
0x00007fff50ce1aa8:   00007fff850ddcaf 0000000000000000
0x00007fff50ce1ab8:   0000000000000000 00007fff50ce1ae0
0x00007fff50ce1ac8:   00007fff850ef87b 0000000000000000
0x00007fff50ce1ad8:   00007fff734d40f0 00007fff50ce1b40
0x00007fff50ce1ae8:   00007fff850dce0c 00007fff734d42dc
0x00007fff50ce1af8:   00007fff734d42e0 00007fff7577b140
0x00007fff50ce1b08:   00007f8f1ac4f010 0000000087ff99e2
0x00007fff50ce1b18:   0000000000000001 000000010ef3ae00
0x00007fff50ce1b28:   0000000000000016 00007f8f1ac4f0e0 

Instructions: (pc=0x00007fff850d74dd)
0x00007fff850d74bd:   44 00 00 48 85 ff 2e 74 62 40 f6 c7 01 2e 75 66
0x00007fff850d74cd:   49 bb f8 ff ff ff ff 7f 00 00 4c 23 1f 49 89 f2
0x00007fff850d74dd:   45 23 53 18 49 c1 e2 04 4d 03 53 10 49 3b 32 75
0x00007fff850d74ed:   04 41 ff 62 08 49 83 3a 01 76 0d 49 83 c2 10 49 

Register to memory mapping:

RAX=0x0000000000000028 is an unknown value
RBX=0x00007f8f1ac4ae00 is an unknown value
RCX=0x00007fff746aece0: OBJC_CLASS_$___NSCFString+0 in /System/Library/Frameworks/CoreFoundation.framework/Versions/A/CoreFoundation at 0x00007fff87b99000
RDX=0x00007f8f1ad2a548 is an unknown value
RSP=0x00007fff50ce1938 is an unknown value
RBP=0x00007fff50ce1960 is an unknown value
RSI=0x00007fff87ff99e2: CreateStringFromFileSystemRepresentationByAddingPercentEscapes.hexchars+0x14452 in /System/Library/Frameworks/CoreFoundation.framework/Versions/A/CoreFoundation at 0x00007fff87b99000
RDI=0x00007f8f1ac4b510 is an unknown value
R8 =0x000000000000000f is an unknown value
R9 =0x00007f8f1ac4ae00 is an unknown value
R10=0x00007fff87ff99e2: CreateStringFromFileSystemRepresentationByAddingPercentEscapes.hexchars+0x14452 in /System/Library/Frameworks/CoreFoundation.framework/Versions/A/CoreFoundation at 0x00007fff87b99000
R11=0x000007f8f1ac4be0 is an unknown value
R12=0x00007f8f1ac4ae00 is an unknown value
R13=0xffff8070e53b5200 is an unknown value
R14=0x00007fff850d74c0: objc_msgSend+0 in /usr/lib/libobjc.A.dylib at 0x00007fff850d6000
R15=0x00007fff73592880: _ZN12_GLOBAL__N_1L12SideTableBufE+0x1b80 in /usr/lib/libobjc.A.dylib at 0x00007fff850d6000


Stack: [0x00007fff504e5000,0x00007fff50ce5000],  sp=0x00007fff50ce1938,  free space=8178k
Native frames: (J=compiled Java code, j=interpreted, Vv=VM code, C=native code)
C  [libobjc.A.dylib+0x14dd]  objc_msgSend+0x1d
C  [libobjc.A.dylib+0x8288]  objc_object::sidetable_release(bool)+0xf2
C  [libobjc.A.dylib+0x6b3b]  (anonymous namespace)::AutoreleasePoolPage::pop(void*)+0x1dd
C  [CoreFoundation+0x48c12]  _CFAutoreleasePoolPop+0x32
C  [CoreFoundation+0x898ec]  __CFRunLoopRun+0x7ac
C  [CoreFoundation+0x88ed8]  CFRunLoopRunSpecific+0x128
C  [java+0x6465]  CreateExecutionEnvironment+0x367
C  [java+0x218c]  JLI_Launch+0x7a0
C  [java+0x84c2]  main+0x65
C  [java+0x19e4]  start+0x34


---------------  P R O C E S S  ---------------

VM state:at safepoint (normal execution)

VM Mutex/Monitor currently owned by a thread:  ([mutex/lock_event])
[0x00007f8f1ac169a0] Threads_lock - owner thread: 0x00007f8f1b039000
[0x00007f8f1ac16ea0] Heap_lock - owner thread: 0x00007f8f1c801800

Heap:
 PSYoungGen      total 38400K, used 368K [0x0000000795580000, 0x0000000798000000, 0x00000007c0000000)
  eden space 33280K, 0% used [0x0000000795580000,0x0000000795580000,0x0000000797600000)
  from space 5120K, 7% used [0x0000000797600000,0x000000079765c010,0x0000000797b00000)
  to   space 5120K, 0% used [0x0000000797b00000,0x0000000797b00000,0x0000000798000000)
 ParOldGen       total 87552K, used 8K [0x0000000740000000, 0x0000000745580000, 0x0000000795580000)
  object space 87552K, 0% used [0x0000000740000000,0x0000000740002000,0x0000000745580000)
 Metaspace       used 2630K, capacity 4486K, committed 4864K, reserved 1056768K
  class space    used 286K, capacity 386K, committed 512K, reserved 1048576K

Card table byte_map: [0x000000011fd61000,0x0000000120162000] byte_map_base: 0x000000011c361000

Marking Bits: (ParMarkBitMap*) 0x00000001102efd20
 Begin Bits: [0x000000012040d000, 0x000000012240d000)
 End Bits:   [0x000000012240d000, 0x000000012440d000)

Polling page: 0x000000010f1de000

CodeCache: size=245760Kb used=1084Kb max_used=1084Kb free=244675Kb
 bounds [0x00000001109a1000, 0x0000000110c11000, 0x000000011f9a1000]
 total_blobs=245 nmethods=15 adapters=145
 compilation: enabled

Compilation events (10 events):
Event: 0.070 Thread 0x00007f8f1c831800   11       3       java.lang.AbstractStringBuilder::append (50 bytes)
Event: 0.071 Thread 0x00007f8f1c831800 nmethod 11 0x0000000110aae110 code [0x0000000110aae2e0, 0x0000000110aaea38]
Event: 0.071 Thread 0x00007f8f1c831800   12       3       java.lang.String::getChars (62 bytes)
Event: 0.071 Thread 0x00007f8f1c831800 nmethod 12 0x0000000110aaed50 code [0x0000000110aaef00, 0x0000000110aaf338]
Event: 0.076 Thread 0x00007f8f1c831800   13       1       java.lang.ref.Reference::get (5 bytes)
Event: 0.076 Thread 0x00007f8f1c831800 nmethod 13 0x0000000110aafb50 code [0x0000000110aafca0, 0x0000000110aafdb0]
Event: 0.078 Thread 0x00007f8f1c831800   14       3       java.lang.String::indexOf (7 bytes)
Event: 0.078 Thread 0x00007f8f1c831800 nmethod 14 0x0000000110aafe10 code [0x0000000110aaff80, 0x0000000110ab0188]
Event: 0.079 Thread 0x00007f8f1c831800   15       1       java.lang.ThreadLocal::access$400 (5 bytes)
Event: 0.079 Thread 0x00007f8f1c831800 nmethod 15 0x0000000110ab0210 code [0x0000000110ab0360, 0x0000000110ab0450]

GC Heap History (0 events):
No events

Deoptimization events (0 events):
No events

Internal exceptions (2 events):
Event: 0.031 Thread 0x00007f8f1c801800 Exception <a 'java/lang/NoSuchMethodError': Method sun.misc.Unsafe.defineClass(Ljava/lang/String;[BII)Ljava/lang/Class; name or signature does not match> (0x0000000795587c78) thrown at [/Users/java_re/workspace/8-2-build-macosx-x86_64/jdk8u102/7268/hotspo
Event: 0.031 Thread 0x00007f8f1c801800 Exception <a 'java/lang/NoSuchMethodError': Method sun.misc.Unsafe.prefetchRead(Ljava/lang/Object;J)V name or signature does not match> (0x0000000795587f60) thrown at [/Users/java_re/workspace/8-2-build-macosx-x86_64/jdk8u102/7268/hotspot/src/share/vm/pri

Events (10 events):
Event: 0.078 loading class java/security/UnresolvedPermission
Event: 0.078 loading class java/security/UnresolvedPermission done
Event: 0.078 loading class java/security/BasicPermissionCollection
Event: 0.078 loading class java/security/BasicPermissionCollection done
Event: 0.078 loading class sun/launcher/LauncherHelper$FXHelper
Event: 0.078 loading class sun/launcher/LauncherHelper$FXHelper done
Event: 0.078 loading class java/lang/Class$MethodArray
Event: 0.078 loading class java/lang/Class$MethodArray done
Event: 0.078 loading class java/lang/Void
Event: 0.078 loading class java/lang/Void done


Dynamic libraries:
0x00000000032ef000 	/System/Library/Frameworks/Cocoa.framework/Versions/A/Cocoa
0x00000000032ef000 	/System/Library/Frameworks/Security.framework/Versions/A/Security
0x00000000032ef000 	/System/Library/Frameworks/ApplicationServices.framework/Versions/A/ApplicationServices
0x00000000032ef000 	/usr/lib/libz.1.dylib
0x00000000032ef000 	/usr/lib/libSystem.B.dylib
0x00000000032ef000 	/usr/lib/libobjc.A.dylib
0x00000000032ef000 	/System/Library/Frameworks/CoreFoundation.framework/Versions/A/CoreFoundation
0x00000000032ef000 	/System/Library/Frameworks/Foundation.framework/Versions/C/Foundation
0x00000000032ef000 	/System/Library/Frameworks/AppKit.framework/Versions/C/AppKit
0x00000000032ef000 	/System/Library/Frameworks/CoreData.framework/Versions/A/CoreData
0x00000000032ef000 	/System/Library/PrivateFrameworks/RemoteViewServices.framework/Versions/A/RemoteViewServices
0x00000000032ef000 	/System/Library/PrivateFrameworks/UIFoundation.framework/Versions/A/UIFoundation
0x00000000032ef000 	/usr/lib/libScreenReader.dylib
0x00000000032ef000 	/System/Library/Frameworks/Accelerate.framework/Versions/A/Accelerate
0x00000000032ef000 	/System/Library/Frameworks/IOSurface.framework/Versions/A/IOSurface
0x00000000032ef000 	/System/Library/Frameworks/AudioToolbox.framework/Versions/A/AudioToolbox
0x00000000032ef000 	/System/Library/Frameworks/AudioUnit.framework/Versions/A/AudioUnit
0x00000000032ef000 	/System/Library/PrivateFrameworks/DataDetectorsCore.framework/Versions/A/DataDetectorsCore
0x00000000032ef000 	/System/Library/PrivateFrameworks/DesktopServicesPriv.framework/Versions/A/DesktopServicesPriv
0x00000000032ef000 	/System/Library/Frameworks/Carbon.framework/Versions/A/Frameworks/HIToolbox.framework/Versions/A/HIToolbox
0x00000000032ef000 	/System/Library/Frameworks/QuartzCore.framework/Versions/A/QuartzCore
0x00000000032ef000 	/System/Library/Frameworks/Carbon.framework/Versions/A/Frameworks/SpeechRecognition.framework/Versions/A/SpeechRecognition
0x00000000032ef000 	/usr/lib/libauto.dylib
0x00000000032ef000 	/usr/lib/libicucore.A.dylib
0x00000000032ef000 	/usr/lib/libxml2.2.dylib
0x00000000032ef000 	/System/Library/PrivateFrameworks/CoreUI.framework/Versions/A/CoreUI
0x00000000032ef000 	/System/Library/Frameworks/CoreAudio.framework/Versions/A/CoreAudio
0x00000000032ef000 	/System/Library/Frameworks/DiskArbitration.framework/Versions/A/DiskArbitration
0x00000000032ef000 	/usr/lib/liblangid.dylib
0x00000000032ef000 	/System/Library/PrivateFrameworks/MultitouchSupport.framework/Versions/A/MultitouchSupport
0x00000000032ef000 	/System/Library/Frameworks/IOKit.framework/Versions/A/IOKit
0x00000000032ef000 	/usr/lib/libDiagnosticMessagesClient.dylib
0x00000000032ef000 	/System/Library/Frameworks/CoreServices.framework/Versions/A/CoreServices
0x00000000032ef000 	/System/Library/PrivateFrameworks/PerformanceAnalysis.framework/Versions/A/PerformanceAnalysis
0x00000000032ef000 	/System/Library/PrivateFrameworks/GenerationalStorage.framework/Versions/A/GenerationalStorage
0x00000000032ef000 	/System/Library/Frameworks/OpenGL.framework/Versions/A/OpenGL
0x00000000032ef000 	/System/Library/PrivateFrameworks/Sharing.framework/Versions/A/Sharing
0x00000000032ef000 	/System/Library/Frameworks/CoreGraphics.framework/Versions/A/CoreGraphics
0x00000000032ef000 	/System/Library/Frameworks/CoreImage.framework/Versions/A/CoreImage
0x00000000032ef000 	/System/Library/Frameworks/CoreText.framework/Versions/A/CoreText
0x00000000032ef000 	/System/Library/Frameworks/ImageIO.framework/Versions/A/ImageIO
0x00000000032ef000 	/System/Library/PrivateFrameworks/Backup.framework/Versions/A/Backup
0x00000000032ef000 	/usr/lib/libextension.dylib
0x00000000032ef000 	/usr/lib/libarchive.2.dylib
0x00000000032ef000 	/System/Library/Frameworks/CFNetwork.framework/Versions/A/CFNetwork
0x00000000032ef000 	/System/Library/Frameworks/SystemConfiguration.framework/Versions/A/SystemConfiguration
0x00000000032ef000 	/usr/lib/libCRFSuite.dylib
0x00000000032ef000 	/usr/lib/libc++.1.dylib
0x00000000032ef000 	/usr/lib/libc++abi.dylib
0x00000000032ef000 	/usr/lib/system/libcache.dylib
0x00000000032ef000 	/usr/lib/system/libcommonCrypto.dylib
0x00000000032ef000 	/usr/lib/system/libcompiler_rt.dylib
0x00000000032ef000 	/usr/lib/system/libcopyfile.dylib
0x00000000032ef000 	/usr/lib/system/libcorecrypto.dylib
0x00000000032ef000 	/usr/lib/system/libdispatch.dylib
0x00000000032ef000 	/usr/lib/system/libdyld.dylib
0x00000000032ef000 	/usr/lib/system/libkeymgr.dylib
0x00000000032ef000 	/usr/lib/system/liblaunch.dylib
0x00000000032ef000 	/usr/lib/system/libmacho.dylib
0x00000000032ef000 	/usr/lib/system/libquarantine.dylib
0x00000000032ef000 	/usr/lib/system/libremovefile.dylib
0x00000000032ef000 	/usr/lib/system/libsystem_asl.dylib
0x00000000032ef000 	/usr/lib/system/libsystem_blocks.dylib
0x00000000032ef000 	/usr/lib/system/libsystem_c.dylib
0x00000000032ef000 	/usr/lib/system/libsystem_configuration.dylib
0x00000000032ef000 	/usr/lib/system/libsystem_coreservices.dylib
0x00000000032ef000 	/usr/lib/system/libsystem_coretls.dylib
0x00000000032ef000 	/usr/lib/system/libsystem_dnssd.dylib
0x00000000032ef000 	/usr/lib/system/libsystem_info.dylib
0x00000000032ef000 	/usr/lib/system/libsystem_kernel.dylib
0x00000000032ef000 	/usr/lib/system/libsystem_m.dylib
0x00000000032ef000 	/usr/lib/system/libsystem_malloc.dylib
0x00000000032ef000 	/usr/lib/system/libsystem_network.dylib
0x00000000032ef000 	/usr/lib/system/libsystem_networkextension.dylib
0x00000000032ef000 	/usr/lib/system/libsystem_notify.dylib
0x00000000032ef000 	/usr/lib/system/libsystem_platform.dylib
0x00000000032ef000 	/usr/lib/system/libsystem_pthread.dylib
0x00000000032ef000 	/usr/lib/system/libsystem_sandbox.dylib
0x00000000032ef000 	/usr/lib/system/libsystem_secinit.dylib
0x00000000032ef000 	/usr/lib/system/libsystem_trace.dylib
0x00000000032ef000 	/usr/lib/system/libunc.dylib
0x00000000032ef000 	/usr/lib/system/libunwind.dylib
0x00000000032ef000 	/usr/lib/system/libxpc.dylib
0x00000000032ef000 	/usr/lib/libenergytrace.dylib
0x00000000032ef000 	/usr/lib/libbsm.0.dylib
0x00000000032ef000 	/usr/lib/system/libkxld.dylib
0x00000000032ef000 	/usr/lib/libxar.1.dylib
0x00000000032ef000 	/usr/lib/libsqlite3.dylib
0x00000000032ef000 	/usr/lib/libpam.2.dylib
0x00000000032ef000 	/usr/lib/libOpenScriptingUtil.dylib
0x00000000032ef000 	/usr/lib/libbz2.1.0.dylib
0x00000000032ef000 	/usr/lib/liblzma.5.dylib
0x00000000032ef000 	/System/Library/Frameworks/CoreServices.framework/Versions/A/Frameworks/FSEvents.framework/Versions/A/FSEvents
0x00000000032ef000 	/System/Library/Frameworks/CoreServices.framework/Versions/A/Frameworks/CarbonCore.framework/Versions/A/CarbonCore
0x00000000032ef000 	/System/Library/Frameworks/CoreServices.framework/Versions/A/Frameworks/Metadata.framework/Versions/A/Metadata
0x00000000032ef000 	/System/Library/Frameworks/CoreServices.framework/Versions/A/Frameworks/OSServices.framework/Versions/A/OSServices
0x00000000032ef000 	/System/Library/Frameworks/CoreServices.framework/Versions/A/Frameworks/SearchKit.framework/Versions/A/SearchKit
0x00000000032ef000 	/System/Library/Frameworks/CoreServices.framework/Versions/A/Frameworks/AE.framework/Versions/A/AE
0x00000000032ef000 	/System/Library/Frameworks/CoreServices.framework/Versions/A/Frameworks/LaunchServices.framework/Versions/A/LaunchServices
0x00000000032ef000 	/System/Library/Frameworks/CoreServices.framework/Versions/A/Frameworks/DictionaryServices.framework/Versions/A/DictionaryServices
0x00000000032ef000 	/System/Library/Frameworks/CoreServices.framework/Versions/A/Frameworks/SharedFileList.framework/Versions/A/SharedFileList
0x00000000032ef000 	/System/Library/Frameworks/NetFS.framework/Versions/A/NetFS
0x00000000032ef000 	/System/Library/PrivateFrameworks/NetAuth.framework/Versions/A/NetAuth
0x00000000032ef000 	/System/Library/PrivateFrameworks/login.framework/Versions/A/Frameworks/loginsupport.framework/Versions/A/loginsupport
0x00000000032ef000 	/System/Library/PrivateFrameworks/TCC.framework/Versions/A/TCC
0x00000000032ef000 	/usr/lib/libmecabra.dylib
0x00000000032ef000 	/System/Library/Frameworks/ApplicationServices.framework/Versions/A/Frameworks/ATS.framework/Versions/A/ATS
0x00000000032ef000 	/System/Library/Frameworks/ApplicationServices.framework/Versions/A/Frameworks/ColorSync.framework/Versions/A/ColorSync
0x00000000032ef000 	/System/Library/Frameworks/ApplicationServices.framework/Versions/A/Frameworks/HIServices.framework/Versions/A/HIServices
0x00000000032ef000 	/System/Library/Frameworks/ApplicationServices.framework/Versions/A/Frameworks/LangAnalysis.framework/Versions/A/LangAnalysis
0x00000000032ef000 	/System/Library/Frameworks/ApplicationServices.framework/Versions/A/Frameworks/PrintCore.framework/Versions/A/PrintCore
0x00000000032ef000 	/System/Library/Frameworks/ApplicationServices.framework/Versions/A/Frameworks/QD.framework/Versions/A/QD
0x00000000032ef000 	/System/Library/Frameworks/ApplicationServices.framework/Versions/A/Frameworks/SpeechSynthesis.framework/Versions/A/SpeechSynthesis
0x00000000032ef000 	/System/Library/Frameworks/Metal.framework/Versions/A/Metal
0x00000000032ef000 	/System/Library/Frameworks/Accelerate.framework/Versions/A/Frameworks/vImage.framework/Versions/A/vImage
0x00000000032ef000 	/System/Library/Frameworks/Accelerate.framework/Versions/A/Frameworks/vecLib.framework/Versions/A/vecLib
0x00000000032ef000 	/System/Library/Frameworks/Accelerate.framework/Versions/A/Frameworks/vecLib.framework/Versions/A/libvDSP.dylib
0x00000000032ef000 	/System/Library/Frameworks/Accelerate.framework/Versions/A/Frameworks/vecLib.framework/Versions/A/libvMisc.dylib
0x00000000032ef000 	/System/Library/Frameworks/Accelerate.framework/Versions/A/Frameworks/vecLib.framework/Versions/A/libLAPACK.dylib
0x00000000032ef000 	/System/Library/Frameworks/Accelerate.framework/Versions/A/Frameworks/vecLib.framework/Versions/A/libBLAS.dylib
0x00000000032ef000 	/System/Library/Frameworks/Accelerate.framework/Versions/A/Frameworks/vecLib.framework/Versions/A/libLinearAlgebra.dylib
0x00000000032ef000 	/System/Library/Frameworks/Accelerate.framework/Versions/A/Frameworks/vecLib.framework/Versions/A/libSparseBLAS.dylib
0x00000000032ef000 	/System/Library/PrivateFrameworks/GPUCompiler.framework/libmetal_timestamp.dylib
0x00000000032ef000 	/System/Library/Frameworks/OpenGL.framework/Versions/A/Libraries/libCoreFSCache.dylib
0x00000000032ef000 	/System/Library/PrivateFrameworks/IOAccelerator.framework/Versions/A/IOAccelerator
0x00000000032ef000 	/System/Library/Frameworks/ApplicationServices.framework/Versions/A/Frameworks/ATS.framework/Versions/A/Resources/libFontParser.dylib
0x00000000032ef000 	/System/Library/Frameworks/ApplicationServices.framework/Versions/A/Frameworks/ATS.framework/Versions/A/Resources/libFontRegistry.dylib
0x00000000032ef000 	/System/Library/PrivateFrameworks/AppleVPA.framework/Versions/A/AppleVPA
0x00000000032ef000 	/System/Library/PrivateFrameworks/AppleJPEG.framework/Versions/A/AppleJPEG
0x00000000032ef000 	/System/Library/Frameworks/ImageIO.framework/Versions/A/Resources/libJPEG.dylib
0x00000000032ef000 	/System/Library/Frameworks/ImageIO.framework/Versions/A/Resources/libTIFF.dylib
0x00000000032ef000 	/System/Library/Frameworks/ImageIO.framework/Versions/A/Resources/libPng.dylib
0x00000000032ef000 	/System/Library/Frameworks/ImageIO.framework/Versions/A/Resources/libGIF.dylib
0x00000000032ef000 	/System/Library/Frameworks/ImageIO.framework/Versions/A/Resources/libJP2.dylib
0x00000000032ef000 	/System/Library/Frameworks/ImageIO.framework/Versions/A/Resources/libRadiance.dylib
0x00000000032ef000 	/System/Library/Frameworks/CoreVideo.framework/Versions/A/CoreVideo
0x00000000032ef000 	/System/Library/Frameworks/OpenGL.framework/Versions/A/Libraries/libGLU.dylib
0x00000000032ef000 	/System/Library/Frameworks/OpenGL.framework/Versions/A/Libraries/libGFXShared.dylib
0x00000000032ef000 	/System/Library/Frameworks/OpenGL.framework/Versions/A/Libraries/libGL.dylib
0x00000000032ef000 	/System/Library/Frameworks/OpenGL.framework/Versions/A/Libraries/libGLImage.dylib
0x00000000032ef000 	/System/Library/Frameworks/OpenGL.framework/Versions/A/Libraries/libCVMSPluginSupport.dylib
0x00000000032ef000 	/System/Library/Frameworks/OpenGL.framework/Versions/A/Libraries/libCoreVMClient.dylib
0x00000000032ef000 	/usr/lib/libcompression.dylib
0x00000000032ef000 	/usr/lib/libcups.2.dylib
0x00000000032ef000 	/System/Library/Frameworks/Kerberos.framework/Versions/A/Kerberos
0x00000000032ef000 	/System/Library/Frameworks/GSS.framework/Versions/A/GSS
0x00000000032ef000 	/usr/lib/libresolv.9.dylib
0x00000000032ef000 	/usr/lib/libiconv.2.dylib
0x00000000032ef000 	/System/Library/PrivateFrameworks/Heimdal.framework/Versions/A/Heimdal
0x00000000032ef000 	/usr/lib/libheimdal-asn1.dylib
0x00000000032ef000 	/System/Library/Frameworks/OpenDirectory.framework/Versions/A/OpenDirectory
0x00000000032ef000 	/System/Library/PrivateFrameworks/CommonAuth.framework/Versions/A/CommonAuth
0x00000000032ef000 	/System/Library/Frameworks/OpenDirectory.framework/Versions/A/Frameworks/CFOpenDirectory.framework/Versions/A/CFOpenDirectory
0x00000000032ef000 	/System/Library/Frameworks/SecurityFoundation.framework/Versions/A/SecurityFoundation
0x00000000032ef000 	/System/Library/PrivateFrameworks/LanguageModeling.framework/Versions/A/LanguageModeling
0x00000000032ef000 	/usr/lib/libmarisa.dylib
0x00000000032ef000 	/usr/lib/libChineseTokenizer.dylib
0x00000000032ef000 	/usr/lib/libcmph.dylib
0x00000000032ef000 	/System/Library/Frameworks/ServiceManagement.framework/Versions/A/ServiceManagement
0x00000000032ef000 	/usr/lib/libxslt.1.dylib
0x00000000032ef000 	/System/Library/Frameworks/Carbon.framework/Versions/A/Frameworks/Ink.framework/Versions/A/Ink
0x00000000032ef000 	/usr/lib/libFosl_dynamic.dylib
0x00000000032ef000 	/System/Library/PrivateFrameworks/FaceCore.framework/Versions/A/FaceCore
0x00000000032ef000 	/System/Library/Frameworks/OpenCL.framework/Versions/A/OpenCL
0x00000000032ef000 	/System/Library/PrivateFrameworks/CrashReporterSupport.framework/Versions/A/CrashReporterSupport
0x00000000032ef000 	/System/Library/PrivateFrameworks/IconServices.framework/Versions/A/IconServices
0x00000000032ef000 	/System/Library/PrivateFrameworks/Apple80211.framework/Versions/A/Apple80211
0x00000000032ef000 	/System/Library/Frameworks/CoreWLAN.framework/Versions/A/CoreWLAN
0x00000000032ef000 	/System/Library/Frameworks/IOBluetooth.framework/Versions/A/IOBluetooth
0x00000000032ef000 	/System/Library/PrivateFrameworks/CoreWiFi.framework/Versions/A/CoreWiFi
0x00000000032ef000 	/System/Library/Frameworks/CoreBluetooth.framework/Versions/A/CoreBluetooth
0x00000000032ef000 	/System/Library/PrivateFrameworks/ChunkingLibrary.framework/Versions/A/ChunkingLibrary
0x00000000032ef000 	/System/Library/PrivateFrameworks/DebugSymbols.framework/Versions/A/DebugSymbols
0x00000000032ef000 	/System/Library/PrivateFrameworks/CoreSymbolication.framework/Versions/A/CoreSymbolication
0x00000000032ef000 	/System/Library/PrivateFrameworks/Symbolication.framework/Versions/A/Symbolication
0x00000000032ef000 	/System/Library/PrivateFrameworks/SpeechRecognitionCore.framework/Versions/A/SpeechRecognitionCore
0x000000010fa00000 	/Library/Java/JavaVirtualMachines/jdk1.8.0_102.jdk/Contents/Home/jre/lib/server/libjvm.dylib
0x00000000032ef000 	/usr/lib/libstdc++.6.dylib
0x000000010f19b000 	/Library/Java/JavaVirtualMachines/jdk1.8.0_102.jdk/Contents/Home/jre/lib/libverify.dylib
0x000000010f1a9000 	/Library/Java/JavaVirtualMachines/jdk1.8.0_102.jdk/Contents/Home/jre/lib/libjava.dylib
0x000000010f1e8000 	/Library/Java/JavaVirtualMachines/jdk1.8.0_102.jdk/Contents/Home/jre/lib/libzip.dylib
0x0000000126304000 	/System/Library/Frameworks/JavaVM.framework/Frameworks/JavaRuntimeSupport.framework/JavaRuntimeSupport
0x000000012631f000 	/System/Library/Frameworks/JavaVM.framework/Versions/A/Frameworks/JavaNativeFoundation.framework/Versions/A/JavaNativeFoundation
0x000000010f1f2000 	/System/Library/Frameworks/JavaVM.framework/Versions/A/JavaVM
0x00000000032ef000 	/System/Library/Frameworks/Carbon.framework/Versions/A/Carbon
0x0000000126334000 	/System/Library/PrivateFrameworks/JavaLaunching.framework/Versions/A/JavaLaunching
0x00000000032ef000 	/System/Library/Frameworks/Carbon.framework/Versions/A/Frameworks/CommonPanels.framework/Versions/A/CommonPanels
0x00000000032ef000 	/System/Library/Frameworks/Carbon.framework/Versions/A/Frameworks/Help.framework/Versions/A/Help
0x00000000032ef000 	/System/Library/Frameworks/Carbon.framework/Versions/A/Frameworks/ImageCapture.framework/Versions/A/ImageCapture
0x00000000032ef000 	/System/Library/Frameworks/Carbon.framework/Versions/A/Frameworks/OpenScripting.framework/Versions/A/OpenScripting
0x00000000032ef000 	/System/Library/Frameworks/Carbon.framework/Versions/A/Frameworks/Print.framework/Versions/A/Print
0x00000000032ef000 	/System/Library/Frameworks/Carbon.framework/Versions/A/Frameworks/SecurityHI.framework/Versions/A/SecurityHI
0x0000000127c59000 	/Users/derros/Projects/test-img-streaming/client/build/libUDPStreamer.dylib
0x0000000127c70000 	/usr/local/opt/opencv3/lib/libopencv_shape.3.2.dylib
0x0000000127c9f000 	/usr/local/opt/opencv3/lib/libopencv_stitching.3.2.dylib
0x0000000127d23000 	/usr/local/opt/opencv3/lib/libopencv_superres.3.2.dylib
0x0000000127d4a000 	/usr/local/opt/opencv3/lib/libopencv_videostab.3.2.dylib
0x0000000127d8e000 	/usr/local/opt/opencv3/lib/libopencv_objdetect.3.2.dylib
0x0000000127df9000 	/usr/local/opt/opencv3/lib/libopencv_calib3d.3.2.dylib
0x0000000127f8f000 	/usr/local/opt/opencv3/lib/libopencv_features2d.3.2.dylib
0x0000000128035000 	/usr/local/opt/opencv3/lib/libopencv_flann.3.2.dylib
0x0000000128096000 	/usr/local/opt/opencv3/lib/libopencv_highgui.3.2.dylib
0x00000001280a6000 	/usr/local/opt/opencv3/lib/libopencv_ml.3.2.dylib
0x0000000128144000 	/usr/local/opt/opencv3/lib/libopencv_photo.3.2.dylib
0x0000000128206000 	/usr/local/opt/opencv3/lib/libopencv_video.3.2.dylib
0x0000000128267000 	/usr/local/opt/opencv3/lib/libopencv_videoio.3.2.dylib
0x000000012828a000 	/usr/local/opt/opencv3/lib/libopencv_imgcodecs.3.2.dylib
0x00000001282c4000 	/usr/local/opt/opencv3/lib/libopencv_imgproc.3.2.dylib
0x000000012939c000 	/usr/local/opt/opencv3/lib/libopencv_core.3.2.dylib
0x00000000032ef000 	/System/Library/Frameworks/AVFoundation.framework/Versions/A/AVFoundation
0x00000000032ef000 	/System/Library/Frameworks/CoreMedia.framework/Versions/A/CoreMedia
0x0000000129bf5000 	/usr/local/opt/jpeg/lib/libjpeg.8.dylib
0x0000000129c28000 	/usr/local/opt/webp/lib/libwebp.6.dylib
0x0000000129c80000 	/usr/local/opt/libpng/lib/libpng16.16.dylib
0x0000000129cac000 	/usr/local/opt/libtiff/lib/libtiff.5.dylib
0x0000000129d12000 	/usr/local/opt/ilmbase/lib/libImath-2_2.12.dylib
0x0000000129d21000 	/usr/local/opt/openexr/lib/libIlmImf-2_2.22.dylib
0x000000012a019000 	/usr/local/opt/ilmbase/lib/libIex-2_2.12.dylib
0x000000012a02b000 	/usr/local/opt/ilmbase/lib/libHalf.12.dylib
0x000000012a06f000 	/usr/local/opt/ilmbase/lib/libIlmThread-2_2.12.dylib
0x000000012a077000 	/usr/local/opt/ilmbase/lib/libIexMath-2_2.12.dylib
0x00000000032ef000 	/System/Library/Frameworks/AVFoundation.framework/Versions/A/Resources/libAVFAudio.dylib
0x00000000032ef000 	/System/Library/Frameworks/MediaToolbox.framework/Versions/A/MediaToolbox
0x00000000032ef000 	/System/Library/Frameworks/VideoToolbox.framework/Versions/A/VideoToolbox
0x00000000032ef000 	/System/Library/Frameworks/CoreMediaIO.framework/Versions/A/CoreMediaIO
0x00000000032ef000 	/usr/lib/libspindump.dylib
0x00000000032ef000 	/System/Library/PrivateFrameworks/CoreAVCHD.framework/Versions/A/CoreAVCHD
0x00000000032ef000 	/System/Library/Frameworks/MediaAccessibility.framework/Versions/A/MediaAccessibility
0x00000000032ef000 	/System/Library/PrivateFrameworks/Mangrove.framework/Versions/A/Mangrove
0x00000000032ef000 	/System/Library/PrivateFrameworks/CoreAUC.framework/Versions/A/CoreAUC
0x00000000032ef000 	/System/Library/PrivateFrameworks/AppleVA.framework/Versions/A/AppleVA
0x00000000032ef000 	/System/Library/PrivateFrameworks/XPCService.framework/Versions/A/XPCService
0x00000000032ef000 	/System/Library/PrivateFrameworks/AppSandbox.framework/Versions/A/AppSandbox
0x00000000032ef000 	/usr/lib/libsandbox.1.dylib
0x00000000032ef000 	/System/Library/PrivateFrameworks/AppContainer.framework/Versions/A/AppContainer
0x00000000032ef000 	/System/Library/PrivateFrameworks/SecCodeWrapper.framework/Versions/A/SecCodeWrapper
0x00000000032ef000 	/usr/lib/libMatch.1.dylib
0x000000012a07c000 	/System/Library/Extensions/AppleHDA.kext/Contents/PlugIns/AppleHDAHALPlugIn.bundle/Contents/MacOS/AppleHDAHALPlugIn
0x000000012a086000 	/Library/CoreMediaIO/Plug-Ins/DAL/AppleCamera.plugin/Contents/MacOS/AppleCamera
0x000000012a0b1000 	/System/Library/Frameworks/CoreMediaIO.framework/Resources/CMIOUnits.bundle/Contents/MacOS/CMIOUnits
0x000000012a23d000 	/System/Library/PrivateFrameworks/FWAVC.framework/Versions/A/FWAVC
0x00000000032ef000 	/System/Library/PrivateFrameworks/AppleGVA.framework/Versions/A/AppleGVA
0x00000000032ef000 	/System/Library/Frameworks/OpenCL.framework/Versions/A/Libraries/libcldcpuengine.dylib
0x00000000032ef000 	/System/Library/PrivateFrameworks/DiskImages.framework/Versions/A/DiskImages
0x00000000032ef000 	/System/Library/Frameworks/DiscRecording.framework/Versions/A/DiscRecording
0x00000000032ef000 	/usr/lib/libcsfde.dylib
0x00000000032ef000 	/usr/lib/libcurl.4.dylib
0x00000000032ef000 	/System/Library/PrivateFrameworks/MediaKit.framework/Versions/A/MediaKit
0x00000000032ef000 	/System/Library/PrivateFrameworks/ProtectedCloudStorage.framework/Versions/A/ProtectedCloudStorage
0x00000000032ef000 	/usr/lib/libCoreStorage.dylib
0x00000000032ef000 	/System/Library/PrivateFrameworks/EFILogin.framework/Versions/A/EFILogin
0x00000000032ef000 	/usr/lib/libutil.dylib
0x00000000032ef000 	/System/Library/PrivateFrameworks/FindMyDevice.framework/Versions/A/FindMyDevice
0x00000000032ef000 	/System/Library/Frameworks/LDAP.framework/Versions/A/LDAP
0x00000000032ef000 	/usr/lib/libsasl2.2.dylib
0x00000000032ef000 	/System/Library/PrivateFrameworks/CoreDaemon.framework/Versions/B/CoreDaemon
0x00000000032ef000 	/usr/lib/libcrypto.0.9.8.dylib
0x00000000032ef000 	/System/Library/PrivateFrameworks/AppleSRP.framework/Versions/A/AppleSRP
0x00000000032ef000 	/System/Library/PrivateFrameworks/TrustEvaluationAgent.framework/Versions/A/TrustEvaluationAgent
0x000000012aa00000 	/System/Library/Extensions/AppleIntelBDWGraphicsGLDriver.bundle/Contents/MacOS/AppleIntelBDWGraphicsGLDriver
0x00000000032ef000 	/System/Library/Frameworks/OpenGL.framework/Versions/A/Libraries/libGLProgrammability.dylib
0x00000000032ef000 	/System/Library/PrivateFrameworks/GPUSupport.framework/Versions/A/Libraries/libGPUSupportMercury.dylib
0x00000000032ef000 	/System/Library/Frameworks/OpenGL.framework/Versions/A/Resources/GLRendererFloat.bundle/GLRendererFloat

VM Arguments:
java_command: in.derros.jni.UDPStreamer -D/Users/derros/Projects/test-img-streaming/build -Xx
java_class_path (initial): .
Launcher Type: SUN_STANDARD

Environment Variables:
PATH=/usr/local/opt/opencv3:/Users/derros/Localbuilds/rebar:/usr/local/opt/coreutils/libexec/gnubin:/usr/local/bin:/usr/bin:/bin:/usr/sbin:/sbin:/opt/X11/bin:/Library/TeX/texbin:/Applications/Wireshark.app/Contents/MacOS
SHELL=/bin/zsh
DISPLAY=/private/tmp/com.apple.launchd.KRZOwTqPho/org.macosforge.xquartz:0

Signal Handlers:
SIGSEGV: [libjvm.dylib+0x5b0579], sa_mask[0]=11111111011111110111111111111111, sa_flags=SA_ONSTACK|SA_RESTART|SA_SIGINFO
SIGBUS: [libjvm.dylib+0x5b0579], sa_mask[0]=11111111011111110111111111111111, sa_flags=SA_RESTART|SA_SIGINFO
SIGFPE: [libjvm.dylib+0x4874e4], sa_mask[0]=11111111011111110111111111111111, sa_flags=SA_RESTART|SA_SIGINFO
SIGPIPE: [libjvm.dylib+0x4874e4], sa_mask[0]=11111111011111110111111111111111, sa_flags=SA_RESTART|SA_SIGINFO
SIGXFSZ: [libjvm.dylib+0x4874e4], sa_mask[0]=11111111011111110111111111111111, sa_flags=SA_RESTART|SA_SIGINFO
SIGILL: [libjvm.dylib+0x4874e4], sa_mask[0]=11111111011111110111111111111111, sa_flags=SA_RESTART|SA_SIGINFO
SIGUSR1: SIG_DFL, sa_mask[0]=00000000000000000000000000000000, sa_flags=none
SIGUSR2: [libjvm.dylib+0x487002], sa_mask[0]=00000000000000000000000000000000, sa_flags=SA_RESTART|SA_SIGINFO
SIGHUP: [libjvm.dylib+0x4855d9], sa_mask[0]=11111111011111110111111111111111, sa_flags=SA_RESTART|SA_SIGINFO
SIGINT: [libjvm.dylib+0x4855d9], sa_mask[0]=11111111011111110111111111111111, sa_flags=SA_RESTART|SA_SIGINFO
SIGTERM: [libjvm.dylib+0x4855d9], sa_mask[0]=11111111011111110111111111111111, sa_flags=SA_RESTART|SA_SIGINFO
SIGQUIT: [libjvm.dylib+0x4855d9], sa_mask[0]=11111111011111110111111111111111, sa_flags=SA_RESTART|SA_SIGINFO


---------------  S Y S T E M  ---------------

OS:Bsduname:Darwin 15.6.0 Darwin Kernel Version 15.6.0: Thu Jun 23 18:25:34 PDT 2016; root:xnu-3248.60.10~1/RELEASE_X86_64 x86_64
rlimit: STACK 8192k, CORE 100k, NPROC 709, NOFILE 10240, AS infinity
load average:1.89 1.76 1.57

CPU:total 4 (2 cores per cpu, 2 threads per core) family 6 model 61 stepping 4, cmov, cx8, fxsr, mmx, sse, sse2, sse3, ssse3, sse4.1, sse4.2, popcnt, avx, avx2, aes, clmul, erms, rtm, 3dnowpref, lzcnt, ht, tsc, tscinvbit, bmi1, bmi2, adx

Memory: 4k page, physical 8388608k(29392k free)

/proc/meminfo:


vm_info: Java HotSpot(TM) 64-Bit Server VM (25.102-b14) for bsd-amd64 JRE (1.8.0_102-b14), built on Jun 22 2016 11:42:36 by "java_re" with gcc 4.2.1 (Based on Apple Inc. build 5658) (LLVM build 2336.11.00)

time: Thu Feb 23 13:29:16 2017
elapsed time: 1 seconds (0d 0h 0m 1s)

