#
# A fatal error has been detected by the Java Runtime Environment:
#
#  SIGSEGV (0xb) at pc=0x00007fff850de103, pid=11165, tid=0x000000000000230b
#
# JRE version: Java(TM) SE Runtime Environment (8.0_102-b14) (build 1.8.0_102-b14)
# Java VM: Java HotSpot(TM) 64-Bit Server VM (25.102-b14 mixed mode bsd-amd64 compressed oops)
# Problematic frame:
# C  [libobjc.A.dylib+0x8103]  objc_release+0x23
#
# Failed to write core dump. Core dumps have been disabled. To enable core dumping, try "ulimit -c unlimited" before starting Java again
#
# If you would like to submit a bug report, please visit:
#   http://bugreport.java.com/bugreport/crash.jsp
#

---------------  T H R E A D  ---------------

Current thread is native thread

siginfo: si_signo: 11 (SIGSEGV), si_code: 1 (SEGV_MAPERR), si_addr: 0x0000000000000020

Registers:
RAX=0xd000000000000000, RBX=0x00007f8372009010, RCX=0x0000000000000000, RDX=0x00000000000ddbc0
RSP=0x00007fff57fd69e0, RBP=0x00007fff57fd69e0, RSI=0x0000000107c45400, RDI=0x00007f8371f39a50
R8 =0x0000000000000003, R9 =0x00007f8371e1dd90, R10=0x00000000f916ec07, R11=0x00007f8371e00000
R12=0xa3a3a3a3a3a3a3a3, R13=0xa600002337450537, R14=0x00007f8372009038, R15=0x00007f8372009000
RIP=0x00007fff850de103, EFLAGS=0x0000000000010246, ERR=0x0000000000000004
  TRAPNO=0x000000000000000e

Top of Stack: (sp=0x00007fff57fd69e0)
0x00007fff57fd69e0:   00007fff57fd6e30 00007fff850dcb3b
0x00007fff57fd69f0:   00007fff57fd6a20 00007fff8e2259a6
0x00007fff57fd6a00:   0000000000000090 0000000000000008
0x00007fff57fd6a10:   0000000000000001 00007f8371f42be0
0x00007fff57fd6a20:   00007fff57fd6a40 00007fff8e226462
0x00007fff57fd6a30:   0000000000000008 0000000000000090
0x00007fff57fd6a40:   00007fff57fd6a60 00007fff92bf41ab
0x00007fff57fd6a50:   0000000000138b01 00007fff734d42c0
0x00007fff57fd6a60:   0000000000138b00 00000000850ddc91
0x00007fff57fd6a70:   00007fff734d42dc 00007fff7577b150
0x00007fff57fd6a80:   00007fff734d42e0 0000000000000001
0x00007fff57fd6a90:   00007fff734d42dc 00007fff734d42e0
0x00007fff57fd6aa0:   00007fff734d42d8 00007fff734d40f0
0x00007fff57fd6ab0:   00007fff87ff99d1 00007fff850ddcaf
0x00007fff57fd6ac0:   0000000000000000 0000000000000000
0x00007fff57fd6ad0:   00007fff57fd6af0 00007fff850ef87b
0x00007fff57fd6ae0:   0000000000000000 00007fff734d40f0
0x00007fff57fd6af0:   00007fff57fd6b50 00007fff850dce0c
0x00007fff57fd6b00:   00007fff734d42dc 00007fff734d42e0
0x00007fff57fd6b10:   00007fff7577b140 00007f8371f42b60
0x00007fff57fd6b20:   0000000087ff99e2 0000000000000001
0x00007fff57fd6b30:   0000000107c44a00 0000000000000015
0x00007fff57fd6b40:   00007f8371f42d30 0000000000000000
0x00007fff57fd6b50:   000000000000042c 0000000107c41000
0x00007fff57fd6b60:   00007fff57fd6c00 00007fff8e224dcc
0x00007fff57fd6b70:   0000000000001180 00007fff73590d01
0x00007fff57fd6b80:   000000000000042d 00007fff08000000
0x00007fff57fd6b90:   00007f8371f00000 00007f8371f42d30
0x00007fff57fd6ba0:   00007fff73592210 00007f8371f2dc40
0x00007fff57fd6bb0:   00007fff57fd6c18 00007fff73592210
0x00007fff57fd6bc0:   00007fff57fd6bf0 0000000107c41000
0x00007fff57fd6bd0:   00007fff57fd6c70 00007fff8e224dcc 

Instructions: (pc=0x00007fff850de103)
0x00007fff850de0e3:   e5 48 85 ff 0f 84 82 00 00 00 40 f6 c7 01 75 7c
0x00007fff850de0f3:   48 8b 07 48 b9 f8 ff ff ff ff 7f 00 00 48 21 c1
0x00007fff850de103:   f6 41 20 02 75 10 48 8d 05 80 4c 4b ee 48 8b 30
0x00007fff850de113:   5d e9 a7 93 ff ff a8 01 74 47 48 b9 00 00 00 00 

Register to memory mapping:

RAX=0xd000000000000000 is an unknown value
RBX=0x00007f8372009010 is an unknown value
RCX=0x0000000000000000 is an unknown value
RDX=0x00000000000ddbc0 is an unknown value
RSP=0x00007fff57fd69e0 is an unknown value
RBP=0x00007fff57fd69e0 is an unknown value
RSI=0x0000000107c45400 is an unknown value
RDI=0x00007f8371f39a50 is an unknown value
R8 =0x0000000000000003 is an unknown value
R9 =0x00007f8371e1dd90 is an unknown value
R10=0x00000000f916ec07 is an unknown value
R11=0x00007f8371e00000 is an unknown value
R12=0xa3a3a3a3a3a3a3a3 is an unknown value
R13=0xa600002337450537 is an unknown value
R14=0x00007f8372009038 is an unknown value
R15=0x00007f8372009000 is an unknown value


Stack: [0x00007fff577da000,0x00007fff57fda000],  sp=0x00007fff57fd69e0,  free space=8178k
Native frames: (J=compiled Java code, j=interpreted, Vv=VM code, C=native code)
C  [libobjc.A.dylib+0x8103]  objc_release+0x23
C  [libobjc.A.dylib+0x6b3b]  _ZN12_GLOBAL__N_119AutoreleasePoolPage3popEPv+0x1dd
C  [CoreFoundation+0x48c12]  _CFAutoreleasePoolPop+0x32
C  [CoreFoundation+0x898ec]  __CFRunLoopRun+0x7ac
C  [CoreFoundation+0x88ed8]  CFRunLoopRunSpecific+0x128
C  [java+0x6465]  CreateExecutionEnvironment+0x367
C  [java+0x218c]  JLI_Launch+0x7a0
C  [java+0x84c2]  main+0x65
C  [java+0x19e4]  start+0x34


---------------  P R O C E S S  ---------------

VM state:not at safepoint (normal execution)

VM Mutex/Monitor currently owned by a thread: None

Heap:
 PSYoungGen      total 38400K, used 2231K [0x0000000795580000, 0x0000000798000000, 0x00000007c0000000)
  eden space 33280K, 6% used [0x0000000795580000,0x00000007957adcf8,0x0000000797600000)
  from space 5120K, 0% used [0x0000000797b00000,0x0000000797b00000,0x0000000798000000)
  to   space 5120K, 0% used [0x0000000797600000,0x0000000797600000,0x0000000797b00000)
 ParOldGen       total 87552K, used 0K [0x0000000740000000, 0x0000000745580000, 0x0000000795580000)
  object space 87552K, 0% used [0x0000000740000000,0x0000000740000000,0x0000000745580000)
 Metaspace       used 2633K, capacity 4486K, committed 4864K, reserved 1056768K
  class space    used 286K, capacity 386K, committed 512K, reserved 1048576K

Card table byte_map: [0x0000000118b61000,0x0000000118f62000] byte_map_base: 0x0000000115161000

Marking Bits: (ParMarkBitMap*) 0x00000001090efd20
 Begin Bits: [0x000000011920d000, 0x000000011b20d000)
 End Bits:   [0x000000011b20d000, 0x000000011d20d000)

Polling page: 0x0000000107ee9000

CodeCache: size=245760Kb used=1087Kb max_used=1087Kb free=244672Kb
 bounds [0x00000001097a1000, 0x0000000109a11000, 0x00000001187a1000]
 total_blobs=248 nmethods=18 adapters=145
 compilation: enabled

Compilation events (10 events):
Event: 0.346 Thread 0x00007f837204b800   11       3       java.lang.AbstractStringBuilder::append (50 bytes)
Event: 0.347 Thread 0x00007f837204b800 nmethod 11 0x00000001098add10 code [0x00000001098adee0, 0x00000001098ae638]
Event: 0.347 Thread 0x00007f837204b800   12       3       java.lang.String::getChars (62 bytes)
Event: 0.347 Thread 0x00007f837204b800 nmethod 12 0x00000001098ae950 code [0x00000001098aeb00, 0x00000001098aef38]
Event: 0.371 Thread 0x00007f837204b800   13       1       java.lang.ref.Reference::get (5 bytes)
Event: 0.371 Thread 0x00007f837204b800 nmethod 13 0x00000001098afb50 code [0x00000001098afca0, 0x00000001098afdb0]
Event: 0.383 Thread 0x00007f837204b800   14       3       java.lang.String::indexOf (7 bytes)
Event: 0.383 Thread 0x00007f837204b800 nmethod 14 0x00000001098afe10 code [0x00000001098aff80, 0x00000001098b0188]
Event: 0.387 Thread 0x00007f837204b800   15       1       java.lang.ThreadLocal::access$400 (5 bytes)
Event: 0.387 Thread 0x00007f837204b800 nmethod 15 0x00000001098b0210 code [0x00000001098b0360, 0x00000001098b0450]

GC Heap History (0 events):
No events

Deoptimization events (0 events):
No events

Internal exceptions (2 events):
Event: 0.172 Thread 0x00007f8373005800 Exception <a 'java/lang/NoSuchMethodError': Method sun.misc.Unsafe.defineClass(Ljava/lang/String;[BII)Ljava/lang/Class; name or signature does not match> (0x0000000795587c78) thrown at [/Users/java_re/workspace/8-2-build-macosx-x86_64/jdk8u102/7268/hotspo
Event: 0.172 Thread 0x00007f8373005800 Exception <a 'java/lang/NoSuchMethodError': Method sun.misc.Unsafe.prefetchRead(Ljava/lang/Object;J)V name or signature does not match> (0x0000000795587f60) thrown at [/Users/java_re/workspace/8-2-build-macosx-x86_64/jdk8u102/7268/hotspot/src/share/vm/pri

Events (10 events):
Event: 0.381 loading class java/security/UnresolvedPermission
Event: 0.382 loading class java/security/UnresolvedPermission done
Event: 0.383 loading class java/security/BasicPermissionCollection
Event: 0.383 loading class java/security/BasicPermissionCollection done
Event: 0.383 loading class sun/launcher/LauncherHelper$FXHelper
Event: 0.385 loading class sun/launcher/LauncherHelper$FXHelper done
Event: 0.385 loading class java/lang/Class$MethodArray
Event: 0.385 loading class java/lang/Class$MethodArray done
Event: 0.386 loading class java/lang/Void
Event: 0.386 loading class java/lang/Void done


Dynamic libraries:
0x00000000032ef000 	/System/Library/Frameworks/Cocoa.framework/Versions/A/Cocoa
0x00000000032ef000 	/System/Library/Frameworks/Security.framework/Versions/A/Security
0x00000000032ef000 	/System/Library/Frameworks/ApplicationServices.framework/Versions/A/ApplicationServices
0x00000000032ef000 	/usr/lib/libz.1.dylib
0x00000000032ef000 	/usr/lib/libSystem.B.dylib
0x00000000032ef000 	/usr/lib/libobjc.A.dylib
0x00000000032ef000 	/System/Library/Frameworks/CoreFoundation.framework/Versions/A/CoreFoundation
0x00000000032ef000 	/System/Library/Frameworks/Foundation.framework/Versions/C/Foundation
0x00000000032ef000 	/System/Library/Frameworks/AppKit.framework/Versions/C/AppKit
0x00000000032ef000 	/System/Library/Frameworks/CoreData.framework/Versions/A/CoreData
0x00000000032ef000 	/System/Library/PrivateFrameworks/RemoteViewServices.framework/Versions/A/RemoteViewServices
0x00000000032ef000 	/System/Library/PrivateFrameworks/UIFoundation.framework/Versions/A/UIFoundation
0x00000000032ef000 	/usr/lib/libScreenReader.dylib
0x00000000032ef000 	/System/Library/Frameworks/Accelerate.framework/Versions/A/Accelerate
0x00000000032ef000 	/System/Library/Frameworks/IOSurface.framework/Versions/A/IOSurface
0x00000000032ef000 	/System/Library/Frameworks/AudioToolbox.framework/Versions/A/AudioToolbox
0x00000000032ef000 	/System/Library/Frameworks/AudioUnit.framework/Versions/A/AudioUnit
0x00000000032ef000 	/System/Library/PrivateFrameworks/DataDetectorsCore.framework/Versions/A/DataDetectorsCore
0x00000000032ef000 	/System/Library/PrivateFrameworks/DesktopServicesPriv.framework/Versions/A/DesktopServicesPriv
0x00000000032ef000 	/System/Library/Frameworks/Carbon.framework/Versions/A/Frameworks/HIToolbox.framework/Versions/A/HIToolbox
0x00000000032ef000 	/System/Library/Frameworks/QuartzCore.framework/Versions/A/QuartzCore
0x00000000032ef000 	/System/Library/Frameworks/Carbon.framework/Versions/A/Frameworks/SpeechRecognition.framework/Versions/A/SpeechRecognition
0x00000000032ef000 	/usr/lib/libauto.dylib
0x00000000032ef000 	/usr/lib/libicucore.A.dylib
0x00000000032ef000 	/usr/lib/libxml2.2.dylib
0x00000000032ef000 	/System/Library/PrivateFrameworks/CoreUI.framework/Versions/A/CoreUI
0x00000000032ef000 	/System/Library/Frameworks/CoreAudio.framework/Versions/A/CoreAudio
0x00000000032ef000 	/System/Library/Frameworks/DiskArbitration.framework/Versions/A/DiskArbitration
0x00000000032ef000 	/usr/lib/liblangid.dylib
0x00000000032ef000 	/System/Library/PrivateFrameworks/MultitouchSupport.framework/Versions/A/MultitouchSupport
0x00000000032ef000 	/System/Library/Frameworks/IOKit.framework/Versions/A/IOKit
0x00000000032ef000 	/usr/lib/libDiagnosticMessagesClient.dylib
0x00000000032ef000 	/System/Library/Frameworks/CoreServices.framework/Versions/A/CoreServices
0x00000000032ef000 	/System/Library/PrivateFrameworks/PerformanceAnalysis.framework/Versions/A/PerformanceAnalysis
0x00000000032ef000 	/System/Library/PrivateFrameworks/GenerationalStorage.framework/Versions/A/GenerationalStorage
0x00000000032ef000 	/System/Library/Frameworks/OpenGL.framework/Versions/A/OpenGL
0x00000000032ef000 	/System/Library/PrivateFrameworks/Sharing.framework/Versions/A/Sharing
0x00000000032ef000 	/System/Library/Frameworks/CoreGraphics.framework/Versions/A/CoreGraphics
0x00000000032ef000 	/System/Library/Frameworks/CoreImage.framework/Versions/A/CoreImage
0x00000000032ef000 	/System/Library/Frameworks/CoreText.framework/Versions/A/CoreText
0x00000000032ef000 	/System/Library/Frameworks/ImageIO.framework/Versions/A/ImageIO
0x00000000032ef000 	/System/Library/PrivateFrameworks/Backup.framework/Versions/A/Backup
0x00000000032ef000 	/usr/lib/libextension.dylib
0x00000000032ef000 	/usr/lib/libarchive.2.dylib
0x00000000032ef000 	/System/Library/Frameworks/CFNetwork.framework/Versions/A/CFNetwork
0x00000000032ef000 	/System/Library/Frameworks/SystemConfiguration.framework/Versions/A/SystemConfiguration
0x00000000032ef000 	/usr/lib/libCRFSuite.dylib
0x00000000032ef000 	/usr/lib/libc++.1.dylib
0x00000000032ef000 	/usr/lib/libc++abi.dylib
0x00000000032ef000 	/usr/lib/system/libcache.dylib
0x00000000032ef000 	/usr/lib/system/libcommonCrypto.dylib
0x00000000032ef000 	/usr/lib/system/libcompiler_rt.dylib
0x00000000032ef000 	/usr/lib/system/libcopyfile.dylib
0x00000000032ef000 	/usr/lib/system/libcorecrypto.dylib
0x00000000032ef000 	/usr/lib/system/libdispatch.dylib
0x00000000032ef000 	/usr/lib/system/libdyld.dylib
0x00000000032ef000 	/usr/lib/system/libkeymgr.dylib
0x00000000032ef000 	/usr/lib/system/liblaunch.dylib
0x00000000032ef000 	/usr/lib/system/libmacho.dylib
0x00000000032ef000 	/usr/lib/system/libquarantine.dylib
0x00000000032ef000 	/usr/lib/system/libremovefile.dylib
0x00000000032ef000 	/usr/lib/system/libsystem_asl.dylib
0x00000000032ef000 	/usr/lib/system/libsystem_blocks.dylib
0x00000000032ef000 	/usr/lib/system/libsystem_c.dylib
0x00000000032ef000 	/usr/lib/system/libsystem_configuration.dylib
0x00000000032ef000 	/usr/lib/system/libsystem_coreservices.dylib
0x00000000032ef000 	/usr/lib/system/libsystem_coretls.dylib
0x00000000032ef000 	/usr/lib/system/libsystem_dnssd.dylib
0x00000000032ef000 	/usr/lib/system/libsystem_info.dylib
0x00000000032ef000 	/usr/lib/system/libsystem_kernel.dylib
0x00000000032ef000 	/usr/lib/system/libsystem_m.dylib
0x00000000032ef000 	/usr/lib/system/libsystem_malloc.dylib
0x00000000032ef000 	/usr/lib/system/libsystem_network.dylib
0x00000000032ef000 	/usr/lib/system/libsystem_networkextension.dylib
0x00000000032ef000 	/usr/lib/system/libsystem_notify.dylib
0x00000000032ef000 	/usr/lib/system/libsystem_platform.dylib
0x00000000032ef000 	/usr/lib/system/libsystem_pthread.dylib
0x00000000032ef000 	/usr/lib/system/libsystem_sandbox.dylib
0x00000000032ef000 	/usr/lib/system/libsystem_secinit.dylib
0x00000000032ef000 	/usr/lib/system/libsystem_trace.dylib
0x00000000032ef000 	/usr/lib/system/libunc.dylib
0x00000000032ef000 	/usr/lib/system/libunwind.dylib
0x00000000032ef000 	/usr/lib/system/libxpc.dylib
0x00000000032ef000 	/usr/lib/libenergytrace.dylib
0x00000000032ef000 	/usr/lib/libbsm.0.dylib
0x00000000032ef000 	/usr/lib/system/libkxld.dylib
0x00000000032ef000 	/usr/lib/libxar.1.dylib
0x00000000032ef000 	/usr/lib/libsqlite3.dylib
0x00000000032ef000 	/usr/lib/libpam.2.dylib
0x00000000032ef000 	/usr/lib/libOpenScriptingUtil.dylib
0x00000000032ef000 	/usr/lib/libbz2.1.0.dylib
0x00000000032ef000 	/usr/lib/liblzma.5.dylib
0x00000000032ef000 	/System/Library/Frameworks/CoreServices.framework/Versions/A/Frameworks/FSEvents.framework/Versions/A/FSEvents
0x00000000032ef000 	/System/Library/Frameworks/CoreServices.framework/Versions/A/Frameworks/CarbonCore.framework/Versions/A/CarbonCore
0x00000000032ef000 	/System/Library/Frameworks/CoreServices.framework/Versions/A/Frameworks/Metadata.framework/Versions/A/Metadata
0x00000000032ef000 	/System/Library/Frameworks/CoreServices.framework/Versions/A/Frameworks/OSServices.framework/Versions/A/OSServices
0x00000000032ef000 	/System/Library/Frameworks/CoreServices.framework/Versions/A/Frameworks/SearchKit.framework/Versions/A/SearchKit
0x00000000032ef000 	/System/Library/Frameworks/CoreServices.framework/Versions/A/Frameworks/AE.framework/Versions/A/AE
0x00000000032ef000 	/System/Library/Frameworks/CoreServices.framework/Versions/A/Frameworks/LaunchServices.framework/Versions/A/LaunchServices
0x00000000032ef000 	/System/Library/Frameworks/CoreServices.framework/Versions/A/Frameworks/DictionaryServices.framework/Versions/A/DictionaryServices
0x00000000032ef000 	/System/Library/Frameworks/CoreServices.framework/Versions/A/Frameworks/SharedFileList.framework/Versions/A/SharedFileList
0x00000000032ef000 	/System/Library/Frameworks/NetFS.framework/Versions/A/NetFS
0x00000000032ef000 	/System/Library/PrivateFrameworks/NetAuth.framework/Versions/A/NetAuth
0x00000000032ef000 	/System/Library/PrivateFrameworks/login.framework/Versions/A/Frameworks/loginsupport.framework/Versions/A/loginsupport
0x00000000032ef000 	/System/Library/PrivateFrameworks/TCC.framework/Versions/A/TCC
0x00000000032ef000 	/usr/lib/libmecabra.dylib
0x00000000032ef000 	/System/Library/Frameworks/ApplicationServices.framework/Versions/A/Frameworks/ATS.framework/Versions/A/ATS
0x00000000032ef000 	/System/Library/Frameworks/ApplicationServices.framework/Versions/A/Frameworks/ColorSync.framework/Versions/A/ColorSync
0x00000000032ef000 	/System/Library/Frameworks/ApplicationServices.framework/Versions/A/Frameworks/HIServices.framework/Versions/A/HIServices
0x00000000032ef000 	/System/Library/Frameworks/ApplicationServices.framework/Versions/A/Frameworks/LangAnalysis.framework/Versions/A/LangAnalysis
0x00000000032ef000 	/System/Library/Frameworks/ApplicationServices.framework/Versions/A/Frameworks/PrintCore.framework/Versions/A/PrintCore
0x00000000032ef000 	/System/Library/Frameworks/ApplicationServices.framework/Versions/A/Frameworks/QD.framework/Versions/A/QD
0x00000000032ef000 	/System/Library/Frameworks/ApplicationServices.framework/Versions/A/Frameworks/SpeechSynthesis.framework/Versions/A/SpeechSynthesis
0x00000000032ef000 	/System/Library/Frameworks/Metal.framework/Versions/A/Metal
0x00000000032ef000 	/System/Library/Frameworks/Accelerate.framework/Versions/A/Frameworks/vImage.framework/Versions/A/vImage
0x00000000032ef000 	/System/Library/Frameworks/Accelerate.framework/Versions/A/Frameworks/vecLib.framework/Versions/A/vecLib
0x00000000032ef000 	/System/Library/Frameworks/Accelerate.framework/Versions/A/Frameworks/vecLib.framework/Versions/A/libvDSP.dylib
0x00000000032ef000 	/System/Library/Frameworks/Accelerate.framework/Versions/A/Frameworks/vecLib.framework/Versions/A/libvMisc.dylib
0x00000000032ef000 	/System/Library/Frameworks/Accelerate.framework/Versions/A/Frameworks/vecLib.framework/Versions/A/libLAPACK.dylib
0x00000000032ef000 	/System/Library/Frameworks/Accelerate.framework/Versions/A/Frameworks/vecLib.framework/Versions/A/libBLAS.dylib
0x00000000032ef000 	/System/Library/Frameworks/Accelerate.framework/Versions/A/Frameworks/vecLib.framework/Versions/A/libLinearAlgebra.dylib
0x00000000032ef000 	/System/Library/Frameworks/Accelerate.framework/Versions/A/Frameworks/vecLib.framework/Versions/A/libSparseBLAS.dylib
0x00000000032ef000 	/System/Library/PrivateFrameworks/GPUCompiler.framework/libmetal_timestamp.dylib
0x00000000032ef000 	/System/Library/Frameworks/OpenGL.framework/Versions/A/Libraries/libCoreFSCache.dylib
0x00000000032ef000 	/System/Library/PrivateFrameworks/IOAccelerator.framework/Versions/A/IOAccelerator
0x00000000032ef000 	/System/Library/Frameworks/ApplicationServices.framework/Versions/A/Frameworks/ATS.framework/Versions/A/Resources/libFontParser.dylib
0x00000000032ef000 	/System/Library/Frameworks/ApplicationServices.framework/Versions/A/Frameworks/ATS.framework/Versions/A/Resources/libFontRegistry.dylib
0x00000000032ef000 	/System/Library/PrivateFrameworks/AppleVPA.framework/Versions/A/AppleVPA
0x00000000032ef000 	/System/Library/PrivateFrameworks/AppleJPEG.framework/Versions/A/AppleJPEG
0x00000000032ef000 	/System/Library/Frameworks/ImageIO.framework/Versions/A/Resources/libJPEG.dylib
0x00000000032ef000 	/System/Library/Frameworks/ImageIO.framework/Versions/A/Resources/libTIFF.dylib
0x00000000032ef000 	/System/Library/Frameworks/ImageIO.framework/Versions/A/Resources/libPng.dylib
0x00000000032ef000 	/System/Library/Frameworks/ImageIO.framework/Versions/A/Resources/libGIF.dylib
0x00000000032ef000 	/System/Library/Frameworks/ImageIO.framework/Versions/A/Resources/libJP2.dylib
0x00000000032ef000 	/System/Library/Frameworks/ImageIO.framework/Versions/A/Resources/libRadiance.dylib
0x00000000032ef000 	/System/Library/Frameworks/CoreVideo.framework/Versions/A/CoreVideo
0x00000000032ef000 	/System/Library/Frameworks/OpenGL.framework/Versions/A/Libraries/libGLU.dylib
0x00000000032ef000 	/System/Library/Frameworks/OpenGL.framework/Versions/A/Libraries/libGFXShared.dylib
0x00000000032ef000 	/System/Library/Frameworks/OpenGL.framework/Versions/A/Libraries/libGL.dylib
0x00000000032ef000 	/System/Library/Frameworks/OpenGL.framework/Versions/A/Libraries/libGLImage.dylib
0x00000000032ef000 	/System/Library/Frameworks/OpenGL.framework/Versions/A/Libraries/libCVMSPluginSupport.dylib
0x00000000032ef000 	/System/Library/Frameworks/OpenGL.framework/Versions/A/Libraries/libCoreVMClient.dylib
0x00000000032ef000 	/usr/lib/libcompression.dylib
0x00000000032ef000 	/usr/lib/libcups.2.dylib
0x00000000032ef000 	/System/Library/Frameworks/Kerberos.framework/Versions/A/Kerberos
0x00000000032ef000 	/System/Library/Frameworks/GSS.framework/Versions/A/GSS
0x00000000032ef000 	/usr/lib/libresolv.9.dylib
0x00000000032ef000 	/usr/lib/libiconv.2.dylib
0x00000000032ef000 	/System/Library/PrivateFrameworks/Heimdal.framework/Versions/A/Heimdal
0x00000000032ef000 	/usr/lib/libheimdal-asn1.dylib
0x00000000032ef000 	/System/Library/Frameworks/OpenDirectory.framework/Versions/A/OpenDirectory
0x00000000032ef000 	/System/Library/PrivateFrameworks/CommonAuth.framework/Versions/A/CommonAuth
0x00000000032ef000 	/System/Library/Frameworks/OpenDirectory.framework/Versions/A/Frameworks/CFOpenDirectory.framework/Versions/A/CFOpenDirectory
0x00000000032ef000 	/System/Library/Frameworks/SecurityFoundation.framework/Versions/A/SecurityFoundation
0x00000000032ef000 	/System/Library/PrivateFrameworks/LanguageModeling.framework/Versions/A/LanguageModeling
0x00000000032ef000 	/usr/lib/libmarisa.dylib
0x00000000032ef000 	/usr/lib/libChineseTokenizer.dylib
0x00000000032ef000 	/usr/lib/libcmph.dylib
0x00000000032ef000 	/System/Library/Frameworks/ServiceManagement.framework/Versions/A/ServiceManagement
0x00000000032ef000 	/usr/lib/libxslt.1.dylib
0x00000000032ef000 	/System/Library/Frameworks/Carbon.framework/Versions/A/Frameworks/Ink.framework/Versions/A/Ink
0x00000000032ef000 	/usr/lib/libFosl_dynamic.dylib
0x00000000032ef000 	/System/Library/PrivateFrameworks/FaceCore.framework/Versions/A/FaceCore
0x00000000032ef000 	/System/Library/Frameworks/OpenCL.framework/Versions/A/OpenCL
0x00000000032ef000 	/System/Library/PrivateFrameworks/CrashReporterSupport.framework/Versions/A/CrashReporterSupport
0x00000000032ef000 	/System/Library/PrivateFrameworks/IconServices.framework/Versions/A/IconServices
0x00000000032ef000 	/System/Library/PrivateFrameworks/Apple80211.framework/Versions/A/Apple80211
0x00000000032ef000 	/System/Library/Frameworks/CoreWLAN.framework/Versions/A/CoreWLAN
0x00000000032ef000 	/System/Library/Frameworks/IOBluetooth.framework/Versions/A/IOBluetooth
0x00000000032ef000 	/System/Library/PrivateFrameworks/CoreWiFi.framework/Versions/A/CoreWiFi
0x00000000032ef000 	/System/Library/Frameworks/CoreBluetooth.framework/Versions/A/CoreBluetooth
0x00000000032ef000 	/System/Library/PrivateFrameworks/ChunkingLibrary.framework/Versions/A/ChunkingLibrary
0x00000000032ef000 	/System/Library/PrivateFrameworks/DebugSymbols.framework/Versions/A/DebugSymbols
0x00000000032ef000 	/System/Library/PrivateFrameworks/CoreSymbolication.framework/Versions/A/CoreSymbolication
0x00000000032ef000 	/System/Library/PrivateFrameworks/Symbolication.framework/Versions/A/Symbolication
0x00000000032ef000 	/System/Library/PrivateFrameworks/SpeechRecognitionCore.framework/Versions/A/SpeechRecognitionCore
0x0000000108800000 	/Library/Java/JavaVirtualMachines/jdk1.8.0_102.jdk/Contents/Home/jre/lib/server/libjvm.dylib
0x00000000032ef000 	/usr/lib/libstdc++.6.dylib
0x0000000107ea6000 	/Library/Java/JavaVirtualMachines/jdk1.8.0_102.jdk/Contents/Home/jre/lib/libverify.dylib
0x0000000107eb4000 	/Library/Java/JavaVirtualMachines/jdk1.8.0_102.jdk/Contents/Home/jre/lib/libjava.dylib
0x0000000107ef3000 	/Library/Java/JavaVirtualMachines/jdk1.8.0_102.jdk/Contents/Home/jre/lib/libzip.dylib
0x000000011f008000 	/System/Library/Frameworks/JavaVM.framework/Frameworks/JavaRuntimeSupport.framework/JavaRuntimeSupport
0x000000011f023000 	/System/Library/Frameworks/JavaVM.framework/Versions/A/Frameworks/JavaNativeFoundation.framework/Versions/A/JavaNativeFoundation
0x000000011f038000 	/System/Library/Frameworks/JavaVM.framework/Versions/A/JavaVM
0x00000000032ef000 	/System/Library/Frameworks/Carbon.framework/Versions/A/Carbon
0x000000011f045000 	/System/Library/PrivateFrameworks/JavaLaunching.framework/Versions/A/JavaLaunching
0x00000000032ef000 	/System/Library/Frameworks/Carbon.framework/Versions/A/Frameworks/CommonPanels.framework/Versions/A/CommonPanels
0x00000000032ef000 	/System/Library/Frameworks/Carbon.framework/Versions/A/Frameworks/Help.framework/Versions/A/Help
0x00000000032ef000 	/System/Library/Frameworks/Carbon.framework/Versions/A/Frameworks/ImageCapture.framework/Versions/A/ImageCapture
0x00000000032ef000 	/System/Library/Frameworks/Carbon.framework/Versions/A/Frameworks/OpenScripting.framework/Versions/A/OpenScripting
0x00000000032ef000 	/System/Library/Frameworks/Carbon.framework/Versions/A/Frameworks/Print.framework/Versions/A/Print
0x00000000032ef000 	/System/Library/Frameworks/Carbon.framework/Versions/A/Frameworks/SecurityHI.framework/Versions/A/SecurityHI
0x0000000120964000 	/Users/derros/Projects/udp-image-streaming/build/libUDPStreamer.dylib
0x000000012097b000 	/usr/local/opt/opencv3/lib/libopencv_shape.3.2.dylib
0x00000001209aa000 	/usr/local/opt/opencv3/lib/libopencv_stitching.3.2.dylib
0x0000000120a2e000 	/usr/local/opt/opencv3/lib/libopencv_superres.3.2.dylib
0x0000000120a55000 	/usr/local/opt/opencv3/lib/libopencv_videostab.3.2.dylib
0x0000000120a99000 	/usr/local/opt/opencv3/lib/libopencv_objdetect.3.2.dylib
0x0000000120b04000 	/usr/local/opt/opencv3/lib/libopencv_calib3d.3.2.dylib
0x0000000120c9a000 	/usr/local/opt/opencv3/lib/libopencv_features2d.3.2.dylib
0x0000000120d40000 	/usr/local/opt/opencv3/lib/libopencv_flann.3.2.dylib
0x0000000120da1000 	/usr/local/opt/opencv3/lib/libopencv_highgui.3.2.dylib
0x0000000120db1000 	/usr/local/opt/opencv3/lib/libopencv_ml.3.2.dylib
0x0000000120e4f000 	/usr/local/opt/opencv3/lib/libopencv_photo.3.2.dylib
0x0000000120f11000 	/usr/local/opt/opencv3/lib/libopencv_video.3.2.dylib
0x0000000120f72000 	/usr/local/opt/opencv3/lib/libopencv_videoio.3.2.dylib
0x0000000120f95000 	/usr/local/opt/opencv3/lib/libopencv_imgcodecs.3.2.dylib
0x0000000120fcf000 	/usr/local/opt/opencv3/lib/libopencv_imgproc.3.2.dylib
0x00000001220a7000 	/usr/local/opt/opencv3/lib/libopencv_core.3.2.dylib
0x00000000032ef000 	/System/Library/Frameworks/AVFoundation.framework/Versions/A/AVFoundation
0x00000000032ef000 	/System/Library/Frameworks/CoreMedia.framework/Versions/A/CoreMedia
0x0000000122900000 	/usr/local/opt/jpeg/lib/libjpeg.8.dylib
0x0000000122933000 	/usr/local/opt/webp/lib/libwebp.6.dylib
0x000000012298b000 	/usr/local/opt/libpng/lib/libpng16.16.dylib
0x00000001229b7000 	/usr/local/opt/libtiff/lib/libtiff.5.dylib
0x0000000122a1d000 	/usr/local/opt/ilmbase/lib/libImath-2_2.12.dylib
0x0000000122a2c000 	/usr/local/opt/openexr/lib/libIlmImf-2_2.22.dylib
0x0000000122d24000 	/usr/local/opt/ilmbase/lib/libIex-2_2.12.dylib
0x0000000122d36000 	/usr/local/opt/ilmbase/lib/libHalf.12.dylib
0x0000000122d7a000 	/usr/local/opt/ilmbase/lib/libIlmThread-2_2.12.dylib
0x0000000122d82000 	/usr/local/opt/ilmbase/lib/libIexMath-2_2.12.dylib
0x00000000032ef000 	/System/Library/Frameworks/AVFoundation.framework/Versions/A/Resources/libAVFAudio.dylib
0x00000000032ef000 	/System/Library/Frameworks/MediaToolbox.framework/Versions/A/MediaToolbox
0x00000000032ef000 	/System/Library/Frameworks/VideoToolbox.framework/Versions/A/VideoToolbox
0x00000000032ef000 	/System/Library/Frameworks/CoreMediaIO.framework/Versions/A/CoreMediaIO
0x00000000032ef000 	/usr/lib/libspindump.dylib
0x00000000032ef000 	/System/Library/PrivateFrameworks/CoreAVCHD.framework/Versions/A/CoreAVCHD
0x00000000032ef000 	/System/Library/Frameworks/MediaAccessibility.framework/Versions/A/MediaAccessibility
0x00000000032ef000 	/System/Library/PrivateFrameworks/Mangrove.framework/Versions/A/Mangrove
0x00000000032ef000 	/System/Library/PrivateFrameworks/CoreAUC.framework/Versions/A/CoreAUC
0x00000000032ef000 	/System/Library/PrivateFrameworks/AppleVA.framework/Versions/A/AppleVA
0x00000000032ef000 	/System/Library/PrivateFrameworks/XPCService.framework/Versions/A/XPCService
0x00000000032ef000 	/System/Library/PrivateFrameworks/AppSandbox.framework/Versions/A/AppSandbox
0x00000000032ef000 	/usr/lib/libsandbox.1.dylib
0x00000000032ef000 	/System/Library/PrivateFrameworks/AppContainer.framework/Versions/A/AppContainer
0x00000000032ef000 	/System/Library/PrivateFrameworks/SecCodeWrapper.framework/Versions/A/SecCodeWrapper
0x00000000032ef000 	/usr/lib/libMatch.1.dylib
0x0000000122d87000 	/System/Library/Extensions/AppleHDA.kext/Contents/PlugIns/AppleHDAHALPlugIn.bundle/Contents/MacOS/AppleHDAHALPlugIn
0x0000000122d91000 	/Library/CoreMediaIO/Plug-Ins/DAL/AppleCamera.plugin/Contents/MacOS/AppleCamera
0x0000000122dbc000 	/System/Library/Frameworks/CoreMediaIO.framework/Resources/CMIOUnits.bundle/Contents/MacOS/CMIOUnits
0x0000000122f48000 	/System/Library/PrivateFrameworks/FWAVC.framework/Versions/A/FWAVC
0x00000000032ef000 	/System/Library/PrivateFrameworks/AppleGVA.framework/Versions/A/AppleGVA
0x00000000032ef000 	/System/Library/Frameworks/OpenCL.framework/Versions/A/Libraries/libcldcpuengine.dylib
0x00000000032ef000 	/System/Library/PrivateFrameworks/DiskImages.framework/Versions/A/DiskImages
0x00000000032ef000 	/System/Library/Frameworks/DiscRecording.framework/Versions/A/DiscRecording
0x00000000032ef000 	/usr/lib/libcsfde.dylib
0x00000000032ef000 	/usr/lib/libcurl.4.dylib
0x00000000032ef000 	/System/Library/PrivateFrameworks/MediaKit.framework/Versions/A/MediaKit
0x00000000032ef000 	/System/Library/PrivateFrameworks/ProtectedCloudStorage.framework/Versions/A/ProtectedCloudStorage
0x00000000032ef000 	/usr/lib/libCoreStorage.dylib
0x00000000032ef000 	/System/Library/PrivateFrameworks/EFILogin.framework/Versions/A/EFILogin
0x00000000032ef000 	/usr/lib/libutil.dylib
0x00000000032ef000 	/System/Library/PrivateFrameworks/FindMyDevice.framework/Versions/A/FindMyDevice
0x00000000032ef000 	/System/Library/Frameworks/LDAP.framework/Versions/A/LDAP
0x00000000032ef000 	/usr/lib/libsasl2.2.dylib
0x00000000032ef000 	/System/Library/PrivateFrameworks/CoreDaemon.framework/Versions/B/CoreDaemon
0x00000000032ef000 	/usr/lib/libcrypto.0.9.8.dylib
0x00000000032ef000 	/System/Library/PrivateFrameworks/AppleSRP.framework/Versions/A/AppleSRP
0x00000000032ef000 	/System/Library/PrivateFrameworks/TrustEvaluationAgent.framework/Versions/A/TrustEvaluationAgent
0x0000000123be2000 	/System/Library/Extensions/AppleIntelBDWGraphicsGLDriver.bundle/Contents/MacOS/AppleIntelBDWGraphicsGLDriver
0x00000000032ef000 	/System/Library/Frameworks/OpenGL.framework/Versions/A/Libraries/libGLProgrammability.dylib
0x00000000032ef000 	/System/Library/PrivateFrameworks/GPUSupport.framework/Versions/A/Libraries/libGPUSupportMercury.dylib
0x00000000032ef000 	/System/Library/Frameworks/OpenGL.framework/Versions/A/Resources/GLRendererFloat.bundle/GLRendererFloat

VM Arguments:
java_command: in.derros.jni.UDPStreamer -D/Users/derros/Projects/udp-image-streaming
java_class_path (initial): .
Launcher Type: SUN_STANDARD

Environment Variables:
PATH=/usr/local/opt/opencv3:/Users/derros/Localbuilds/rebar:/usr/local/opt/coreutils/libexec/gnubin:/usr/local/bin:/usr/bin:/bin:/usr/sbin:/sbin:/opt/X11/bin:/Library/TeX/texbin:/Applications/Wireshark.app/Contents/MacOS
SHELL=/bin/zsh
DISPLAY=/private/tmp/com.apple.launchd.KRZOwTqPho/org.macosforge.xquartz:0

Signal Handlers:
SIGSEGV: [libjvm.dylib+0x5b0579], sa_mask[0]=11111111011111110111111111111111, sa_flags=SA_ONSTACK|SA_RESTART|SA_SIGINFO
SIGBUS: [libjvm.dylib+0x5b0579], sa_mask[0]=11111111011111110111111111111111, sa_flags=SA_RESTART|SA_SIGINFO
SIGFPE: [libjvm.dylib+0x4874e4], sa_mask[0]=11111111011111110111111111111111, sa_flags=SA_RESTART|SA_SIGINFO
SIGPIPE: [libjvm.dylib+0x4874e4], sa_mask[0]=11111111011111110111111111111111, sa_flags=SA_RESTART|SA_SIGINFO
SIGXFSZ: [libjvm.dylib+0x4874e4], sa_mask[0]=11111111011111110111111111111111, sa_flags=SA_RESTART|SA_SIGINFO
SIGILL: [libjvm.dylib+0x4874e4], sa_mask[0]=11111111011111110111111111111111, sa_flags=SA_RESTART|SA_SIGINFO
SIGUSR1: SIG_DFL, sa_mask[0]=00000000000000000000000000000000, sa_flags=none
SIGUSR2: [libjvm.dylib+0x487002], sa_mask[0]=00000000000000000000000000000000, sa_flags=SA_RESTART|SA_SIGINFO
SIGHUP: [libjvm.dylib+0x4855d9], sa_mask[0]=11111111011111110111111111111111, sa_flags=SA_RESTART|SA_SIGINFO
SIGINT: [libjvm.dylib+0x4855d9], sa_mask[0]=11111111011111110111111111111111, sa_flags=SA_RESTART|SA_SIGINFO
SIGTERM: [libjvm.dylib+0x4855d9], sa_mask[0]=11111111011111110111111111111111, sa_flags=SA_RESTART|SA_SIGINFO
SIGQUIT: [libjvm.dylib+0x4855d9], sa_mask[0]=11111111011111110111111111111111, sa_flags=SA_RESTART|SA_SIGINFO


---------------  S Y S T E M  ---------------

OS:Bsduname:Darwin 15.6.0 Darwin Kernel Version 15.6.0: Thu Jun 23 18:25:34 PDT 2016; root:xnu-3248.60.10~1/RELEASE_X86_64 x86_64
rlimit: STACK 8192k, CORE 0k, NPROC 709, NOFILE 10240, AS infinity
load average:5.53 5.34 3.20

CPU:total 4 (2 cores per cpu, 2 threads per core) family 6 model 61 stepping 4, cmov, cx8, fxsr, mmx, sse, sse2, sse3, ssse3, sse4.1, sse4.2, popcnt, avx, avx2, aes, clmul, erms, rtm, 3dnowpref, lzcnt, ht, tsc, tscinvbit, bmi1, bmi2, adx

Memory: 4k page, physical 8388608k(29660k free)

/proc/meminfo:


vm_info: Java HotSpot(TM) 64-Bit Server VM (25.102-b14) for bsd-amd64 JRE (1.8.0_102-b14), built on Jun 22 2016 11:42:36 by "java_re" with gcc 4.2.1 (Based on Apple Inc. build 5658) (LLVM build 2336.11.00)

time: Thu Feb 23 09:35:23 2017
elapsed time: 1 seconds (0d 0h 0m 1s)

